# JRE version: OpenJDK Runtime Environment (8.0_152-b01) (build 1.8.0_152-release-1248-b01)
# Java VM: OpenJDK 64-Bit Server VM (25.152-b01 mixed mode linux-amd64 compressed oops)
Heap:
 PSYoungGen      total 388096K, used 0K [0x00000000e0000000, 0x0000000100000000, 0x0000000100000000)
  eden space 251904K, 0% used [0x00000000e0000000,0x00000000e0000000,0x00000000ef600000)
  from space 136192K, 0% used [0x00000000ef600000,0x00000000ef600000,0x00000000f7b00000)
  to   space 134144K, 0% used [0x00000000f7d00000,0x00000000f7d00000,0x0000000100000000)
 ParOldGen       total 241664K, used 213954K [0x00000000a0000000, 0x00000000aec00000, 0x00000000e0000000)
  object space 241664K, 88% used [0x00000000a0000000,0x00000000ad0f0a88,0x00000000aec00000)
 Metaspace       used 95878K, capacity 101344K, committed 104704K, reserved 1140736K
  class space    used 11710K, capacity 12656K, committed 13312K, reserved 1048576K
GC Heap History (10 events):
Event: 13638.323 GC heap after
Heap after GC invocations=95 (full 11):
 PSYoungGen      total 418816K, used 5114K [0x00000000e0000000, 0x00000000ff880000, 0x0000000100000000)
  eden space 331776K, 0% used [0x00000000e0000000,0x00000000e0000000,0x00000000f4400000)
  from space 87040K, 5% used [0x00000000f4400000,0x00000000f48febe8,0x00000000f9900000)
  to   space 83968K, 0% used [0x00000000fa680000,0x00000000fa680000,0x00000000ff880000)
 ParOldGen       total 241664K, used 93693K [0x00000000a0000000, 0x00000000aec00000, 0x00000000e0000000)
  object space 241664K, 38% used [0x00000000a0000000,0x00000000a5b7f688,0x00000000aec00000)
 Metaspace       used 95844K, capacity 101344K, committed 104704K, reserved 1140736K
  class space    used 11710K, capacity 12656K, committed 13312K, reserved 1048576K
}
Event: 13641.563 GC heap before
{Heap before GC invocations=96 (full 11):
 PSYoungGen      total 418816K, used 336890K [0x00000000e0000000, 0x00000000ff880000, 0x0000000100000000)
  eden space 331776K, 100% used [0x00000000e0000000,0x00000000f4400000,0x00000000f4400000)
  from space 87040K, 5% used [0x00000000f4400000,0x00000000f48febe8,0x00000000f9900000)
  to   space 83968K, 0% used [0x00000000fa680000,0x00000000fa680000,0x00000000ff880000)
 ParOldGen       total 241664K, used 93693K [0x00000000a0000000, 0x00000000aec00000, 0x00000000e0000000)
  object space 241664K, 38% used [0x00000000a0000000,0x00000000a5b7f688,0x00000000aec00000)
 Metaspace       used 95856K, capacity 101344K, committed 104704K, reserved 1140736K
  class space    used 11710K, capacity 12656K, committed 13312K, reserved 1048576K
Event: 13643.911 GC heap after
Heap after GC invocations=96 (full 11):
 PSYoungGen      total 419840K, used 65862K [0x00000000e0000000, 0x0000000100000000, 0x0000000100000000)
  eden space 335872K, 0% used [0x00000000e0000000,0x00000000e0000000,0x00000000f4800000)
  from space 83968K, 78% used [0x00000000fa680000,0x00000000fe6d1ab0,0x00000000ff880000)
  to   space 94208K, 0% used [0x00000000f4800000,0x00000000f4800000,0x00000000fa400000)
 ParOldGen       total 241664K, used 94515K [0x00000000a0000000, 0x00000000aec00000, 0x00000000e0000000)
  object space 241664K, 39% used [0x00000000a0000000,0x00000000a5c4ce70,0x00000000aec00000)
 Metaspace       used 95856K, capacity 101344K, committed 104704K, reserved 1140736K
  class space    used 11710K, capacity 12656K, committed 13312K, reserved 1048576K
}
Event: 13647.305 GC heap before
{Heap before GC invocations=97 (full 11):
 PSYoungGen      total 419840K, used 401734K [0x00000000e0000000, 0x0000000100000000, 0x0000000100000000)
  eden space 335872K, 100% used [0x00000000e0000000,0x00000000f4800000,0x00000000f4800000)
  from space 83968K, 78% used [0x00000000fa680000,0x00000000fe6d1ab0,0x00000000ff880000)
  to   space 94208K, 0% used [0x00000000f4800000,0x00000000f4800000,0x00000000fa400000)
 ParOldGen       total 241664K, used 94515K [0x00000000a0000000, 0x00000000aec00000, 0x00000000e0000000)
  object space 241664K, 39% used [0x00000000a0000000,0x00000000a5c4ce70,0x00000000aec00000)
 Metaspace       used 95869K, capacity 101344K, committed 104704K, reserved 1140736K
  class space    used 11710K, capacity 12656K, committed 13312K, reserved 1048576K
Event: 13647.629 GC heap after
Heap after GC invocations=97 (full 11):
 PSYoungGen      total 430080K, used 94179K [0x00000000e0000000, 0x0000000100000000, 0x0000000100000000)
  eden space 335872K, 0% used [0x00000000e0000000,0x00000000e0000000,0x00000000f4800000)
  from space 94208K, 99% used [0x00000000f4800000,0x00000000fa3f8cb0,0x00000000fa400000)
  to   space 94208K, 0% used [0x00000000fa400000,0x00000000fa400000,0x0000000100000000)
 ParOldGen       total 241664K, used 138007K [0x00000000a0000000, 0x00000000aec00000, 0x00000000e0000000)
  object space 241664K, 57% used [0x00000000a0000000,0x00000000a86c5ea0,0x00000000aec00000)
 Metaspace       used 95869K, capacity 101344K, committed 104704K, reserved 1140736K
  class space    used 11710K, capacity 12656K, committed 13312K, reserved 1048576K
}
Event: 13649.905 GC heap before
{Heap before GC invocations=98 (full 11):
 PSYoungGen      total 430080K, used 429904K [0x00000000e0000000, 0x0000000100000000, 0x0000000100000000)
  eden space 335872K, 99% used [0x00000000e0000000,0x00000000f47db4f8,0x00000000f4800000)
  from space 94208K, 99% used [0x00000000f4800000,0x00000000fa3f8cb0,0x00000000fa400000)
  to   space 94208K, 0% used [0x00000000fa400000,0x00000000fa400000,0x0000000100000000)
 ParOldGen       total 241664K, used 138007K [0x00000000a0000000, 0x00000000aec00000, 0x00000000e0000000)
  object space 241664K, 57% used [0x00000000a0000000,0x00000000a86c5ea0,0x00000000aec00000)
 Metaspace       used 95876K, capacity 101344K, committed 104704K, reserved 1140736K
  class space    used 11710K, capacity 12656K, committed 13312K, reserved 1048576K
Event: 13651.455 GC heap after
Heap after GC invocations=98 (full 11):
 PSYoungGen      total 346112K, used 81840K [0x00000000e0000000, 0x0000000100000000, 0x0000000100000000)
  eden space 251904K, 0% used [0x00000000e0000000,0x00000000e0000000,0x00000000ef600000)
  from space 94208K, 86% used [0x00000000fa400000,0x00000000ff3ec0c0,0x0000000100000000)
  to   space 136192K, 0% used [0x00000000ef600000,0x00000000ef600000,0x00000000f7b00000)
 ParOldGen       total 241664K, used 139991K [0x00000000a0000000, 0x00000000aec00000, 0x00000000e0000000)
  object space 241664K, 57% used [0x00000000a0000000,0x00000000a88b5f00,0x00000000aec00000)
 Metaspace       used 95876K, capacity 101344K, committed 104704K, reserved 1140736K
  class space    used 11710K, capacity 12656K, committed 13312K, reserved 1048576K
}
Event: 13655.345 GC heap before
{Heap before GC invocations=99 (full 11):
 PSYoungGen      total 346112K, used 333744K [0x00000000e0000000, 0x0000000100000000, 0x0000000100000000)
  eden space 251904K, 100% used [0x00000000e0000000,0x00000000ef600000,0x00000000ef600000)
  from space 94208K, 86% used [0x00000000fa400000,0x00000000ff3ec0c0,0x0000000100000000)
  to   space 136192K, 0% used [0x00000000ef600000,0x00000000ef600000,0x00000000f7b00000)
 ParOldGen       total 241664K, used 139991K [0x00000000a0000000, 0x00000000aec00000, 0x00000000e0000000)
  object space 241664K, 57% used [0x00000000a0000000,0x00000000a88b5f00,0x00000000aec00000)
 Metaspace       used 95878K, capacity 101344K, committed 104704K, reserved 1140736K
  class space    used 11710K, capacity 12656K, committed 13312K, reserved 1048576K
Event: 13656.205 GC heap after
Heap after GC invocations=99 (full 11):
 PSYoungGen      total 388096K, used 61379K [0x00000000e0000000, 0x0000000100000000, 0x0000000100000000)
  eden space 251904K, 0% used [0x00000000e0000000,0x00000000e0000000,0x00000000ef600000)
  from space 136192K, 45% used [0x00000000ef600000,0x00000000f31f0c88,0x00000000f7b00000)
  to   space 134144K, 0% used [0x00000000f7d00000,0x00000000f7d00000,0x0000000100000000)
 ParOldGen       total 241664K, used 205573K [0x00000000a0000000, 0x00000000aec00000, 0x00000000e0000000)
  object space 241664K, 85% used [0x00000000a0000000,0x00000000ac8c16e0,0x00000000aec00000)
 Metaspace       used 95878K, capacity 101344K, committed 104704K, reserved 1140736K
  class space    used 11710K, capacity 12656K, committed 13312K, reserved 1048576K
}
Event: 13656.205 GC heap before
{Heap before GC invocations=100 (full 12):
 PSYoungGen      total 388096K, used 61379K [0x00000000e0000000, 0x0000000100000000, 0x0000000100000000)
  eden space 251904K, 0% used [0x00000000e0000000,0x00000000e0000000,0x00000000ef600000)
  from space 136192K, 45% used [0x00000000ef600000,0x00000000f31f0c88,0x00000000f7b00000)
  to   space 134144K, 0% used [0x00000000f7d00000,0x00000000f7d00000,0x0000000100000000)
 ParOldGen       total 241664K, used 205573K [0x00000000a0000000, 0x00000000aec00000, 0x00000000e0000000)
  object space 241664K, 85% used [0x00000000a0000000,0x00000000ac8c16e0,0x00000000aec00000)
 Metaspace       used 95878K, capacity 101344K, committed 104704K, reserved 1140736K
  class space    used 11710K, capacity 12656K, committed 13312K, reserved 1048576K

